{"level":"info","message":"New Add operation requested 1 + 2 The request url is: http://localhost:3000/add/1/2 Ip address of client is: ::1 Response Status is: 200 Response body is: Sum of 1 and 2 is: 12","service":"calculator-microservice"}
{"level":"info","message":"New multiply operation requested 1 * 2 The request url is: http://localhost:3000/multiply/1/2 Ip address of client is: ::1 Response Status is: 200 Response body is: Multiplication of 1 and 2 is: 2","service":"calculator-microservice"}
{"level":"info","message":"New Add operation requested 1 + 2 The request url is: http://localhost:3000/add/1/2 Ip address of client is: ::1 Response Status is: 200 Response body is: Sum of 1 and 2 is: 12","service":"calculator-microservice"}
{"level":"info","message":"New Add operation requested 1 + 2 The request url is: http://localhost:3000/add/1/2 Ip address of client is: ::1 Response Status is: 200 Response body is: Sum of 1 and 2 is: 12","service":"calculator-microservice"}
{"level":"info","message":"New Add operation requested 6 + 2 The request url is: http://localhost:3000/add/6/2 Ip address of client is: ::1 Response Status is: 200 Response body is: Sum of 6 and 2 is: 62","service":"calculator-microservice"}
{"level":"info","message":"New multiply operation requested 6 * 2 The request url is: http://localhost:3000/multiply/6/2 Ip address of client is: ::1 Response Status is: 200 Response body is: Multiplication of 6 and 2 is: 12","service":"calculator-microservice"}
{"level":"info","message":"New Add operation requested 6 + 2 The request url is: http://localhost:3000/add/6/2 Ip address of client is: ::1 Response Status is: 200 Response body is: Sum of 6 and 2 is: 62","service":"calculator-microservice"}
{"level":"info","message":"New subtract operation requested 6 - 2 The request url is: http://localhost:3000/subtract/6/2 Ip address of client is: ::1 Response Status is: 200 Response body is: Subtraction of 6 and 2 is: 4","service":"calculator-microservice"}
{"level":"info","message":"New multiply operation requested 6 * 2 The request url is: http://localhost:3000/multiply/6/2 Ip address of client is: ::1 Response Status is: 200 Response body is: Multiplication of 6 and 2 is: 12","service":"calculator-microservice"}
{"level":"info","message":"New subtract operation requested 6 - 2 The request url is: http://localhost:3000/subtract/6/2 Ip address of client is: ::1 Response Status is: 200 Response body is: Subtraction of 6 and 2 is: 4","service":"calculator-microservice"}
{"level":"info","message":"New divide operation requested 6 / 2 The request url is: http://localhost:3000/divide/6/2 Ip address of client is: ::1 Response Status is: 200 Response body is: Division of 6 and 2 is: 12","service":"calculator-microservice"}
{"level":"info","message":"New divide operation requested 6 / 2 The request url is: http://localhost:3000/divide/6/2 Ip address of client is: ::1 Response Status is: 200 Response body is: Division of 6 and 2 is: 12","service":"calculator-microservice"}
{"level":"info","message":"New divide operation requested 6 / 2 The request url is: http://localhost:3000/divide/6/2 Ip address of client is: ::1 Response Status is: 200 Response body is: Division of 6 and 2 is: 12","service":"calculator-microservice"}
{"level":"info","message":"New divide operation requested 6 / 2 The request url is: http://localhost:3000/divide/6/2 Ip address of client is: ::1 Response Status is: 200 Response body is: Division of 6 and 2 is: 3","service":"calculator-microservice"}
{"level":"info","message":"New Add operation requested 6 + 2 The request url is: http://localhost:3000/add/6/2 Ip address of client is: ::1 Response Status is: 200 Response body is: Sum of 6 and 2 is: 8","service":"calculator-microservice"}
{"level":"info","message":"New subtract operation requested 6 - 2 The request url is: http://localhost:3000/subtract/6/2 Ip address of client is: ::1 Response Status is: 200 Response body is: Subtraction of 6 and 2 is: 4","service":"calculator-microservice"}
{"level":"info","message":"New multiply operation requested 6 * 2 The request url is: http://localhost:3000/multiply/6/2 Ip address of client is: ::1 Response Status is: 200 Response body is: Multiplication of 6 and 2 is: 12","service":"calculator-microservice"}
{"level":"info","message":"New divide operation requested 6 / 2 The request url is: http://localhost:3000/divide/6/2 Ip address of client is: ::1 Response Status is: 200 Response body is: Division of 6 and 2 is: 3","service":"calculator-microservice"}
{"level":"info","message":"New Add operation requested 6 + 2 The request url is: http://localhost:3000/add/6/2 Ip address of client is: ::1 Response Status is: 200 Response body is: Sum of 6 and 2 is: 8","service":"calculator-microservice"}
{"level":"info","message":"New subtract operation requested 6 - 2 The request url is: http://localhost:3000/subtract/6/2 Ip address of client is: ::1 Response Status is: 200 Response body is: Subtraction of 6 and 2 is: 4","service":"calculator-microservice"}
{"level":"info","message":"New multiply operation requested 6 * 2 The request url is: http://localhost:3000/multiply/6/2 Ip address of client is: ::1 Response Status is: 200 Response body is: Multiplication of 6 and 2 is: 12","service":"calculator-microservice"}
{"level":"info","message":"New subtract operation requested 6 - 2 The request url is: http://localhost:3000/subtract/6/2 Ip address of client is: ::1 Response Status is: 200 Response body is: Subtraction of 6 and 2 is: 4","service":"calculator-microservice"}
{"level":"info","message":"New Add operation requested 6 + a The request url is: http://localhost:3000/add/6/a Ip address of client is: ::1 Response Status is: 400 Response body is: Please enter valid numbers.","service":"calculator-microservice"}
{"level":"info","message":"New Add operation requested 1 + 2 The request url is: http://localhost:3000/add/1/2 Ip address of client is: ::ffff:172.18.0.1 Response Status is: 200 Response body is: Sum of 1 and 2 is: 3","service":"calculator-microservice"}
